<?xml version="1.0" encoding="UTF-8"?>
<!-- Generated by org.testng.reporters.JUnitReportReporter -->
<testsuite hostname="LAPTOP-B5LLFCD0" failures="0" tests="5" name="testCases.TC_VideoGameAPI" time="6.346" errors="0" timestamp="26 Oct 2022 06:25:14 GMT" skipped="0">
  <testcase classname="testCases.TC_VideoGameAPI" name="Test_getAllVideoGame" time="1.951"/>
  <testcase classname="testCases.TC_VideoGameAPI" name="Test_addNewVideoGame" time="0.626"/>
  <testcase classname="testCases.TC_VideoGameAPI" name="Test_getVideoGame" time="0.625"/>
  <testcase classname="testCases.TC_VideoGameAPI" name="Test_updateVideoGame" time="0.104"/>
  <testcase classname="testCases.TC_VideoGameAPI" name="Test_deleteVideoGame" time="3.040"/>
</testsuite> <!-- testCases.TC_VideoGameAPI -->
