<?xml version="1.0" encoding="UTF-8"?>
<!-- Generated by org.testng.reporters.JUnitReportReporter -->
<testsuite skipped="0" hostname="LAPTOP-B5LLFCD0" name="testCases.TC_VideoGameAPI" tests="5" failures="0" timestamp="26 Oct 2022 06:27:12 GMT" time="6.675" errors="0">
  <testcase name="Test_getAllVideoGame" time="2.140" classname="testCases.TC_VideoGameAPI"/>
  <testcase name="Test_addNewVideoGame" time="0.667" classname="testCases.TC_VideoGameAPI"/>
  <testcase name="Test_getVideoGame" time="0.721" classname="testCases.TC_VideoGameAPI"/>
  <testcase name="Test_updateVideoGame" time="0.107" classname="testCases.TC_VideoGameAPI"/>
  <testcase name="Test_deleteVideoGame" time="3.040" classname="testCases.TC_VideoGameAPI"/>
</testsuite> <!-- testCases.TC_VideoGameAPI -->
